<?xml version="1.0" encoding="UTF-8"?>
<!-- Generated by org.testng.reporters.JUnitXMLReporter -->
<testsuite ignored="0" hostname="Saranyas-Air.fios-router.home" failures="2" tests="2" name="Test" time="88.065" errors="0" timestamp="2021-09-25T07:38:57 EDT">
  <testcase classname="testScripts.VerifyFindARecipe" name="@AfterTest closeBrowser" time="0.012">
    <failure type="org.openqa.selenium.NoSuchWindowException" message="no such window: target window already closed
from unknown error: web view not found
  (Session info: chrome=94.0.4606.61)
Build info: version: &amp;apos;3.141.59&amp;apos;, revision: &amp;apos;e82be7d358&amp;apos;, time: &amp;apos;2018-11-14T08:17:03&amp;apos;
System info: host: &amp;apos;Saranyas-Air.fios-router.home&amp;apos;, ip: &amp;apos;fe80:0:0:0:40d:5b97:dc0:4791%en0&amp;apos;, os.name: &amp;apos;Mac OS X&amp;apos;, os.arch: &amp;apos;x86_64&amp;apos;, os.version: &amp;apos;10.15.3&amp;apos;, java.version: &amp;apos;14.0.1&amp;apos;
Driver info: org.openqa.selenium.chrome.ChromeDriver
Capabilities {acceptInsecureCerts: false, browserName: chrome, browserVersion: 94.0.4606.61, chrome: {chromedriverVersion: 93.0.4577.63 (ff5c0da2ec0ad..., userDataDir: /var/folders/q2/w68m68_x0kx...}, goog:chromeOptions: {debuggerAddress: localhost:62691}, javascriptEnabled: true, networkConnectionEnabled: false, pageLoadStrategy: normal, platform: MAC, platformName: MAC, proxy: Proxy(), setWindowRect: true, strictFileInteractability: false, timeouts: {implicit: 0, pageLoad: 300000, script: 30000}, unhandledPromptBehavior: dismiss and notify, webauthn:extension:credBlob: true, webauthn:extension:largeBlob: true, webauthn:virtualAuthenticators: true}
Session ID: bc2ae6962778df03ee5ba7ababc083c9">
      <![CDATA[org.openqa.selenium.NoSuchWindowException: no such window: target window already closed
from unknown error: web view not found
  (Session info: chrome=94.0.4606.61)
Build info: version: '3.141.59', revision: 'e82be7d358', time: '2018-11-14T08:17:03'
System info: host: 'Saranyas-Air.fios-router.home', ip: 'fe80:0:0:0:40d:5b97:dc0:4791%en0', os.name: 'Mac OS X', os.arch: 'x86_64', os.version: '10.15.3', java.version: '14.0.1'
Driver info: org.openqa.selenium.chrome.ChromeDriver
Capabilities {acceptInsecureCerts: false, browserName: chrome, browserVersion: 94.0.4606.61, chrome: {chromedriverVersion: 93.0.4577.63 (ff5c0da2ec0ad..., userDataDir: /var/folders/q2/w68m68_x0kx...}, goog:chromeOptions: {debuggerAddress: localhost:62691}, javascriptEnabled: true, networkConnectionEnabled: false, pageLoadStrategy: normal, platform: MAC, platformName: MAC, proxy: Proxy(), setWindowRect: true, strictFileInteractability: false, timeouts: {implicit: 0, pageLoad: 300000, script: 30000}, unhandledPromptBehavior: dismiss and notify, webauthn:extension:credBlob: true, webauthn:extension:largeBlob: true, webauthn:virtualAuthenticators: true}
Session ID: bc2ae6962778df03ee5ba7ababc083c9
at org.openqa.selenium.remote.http.W3CHttpResponseCodec.createException(W3CHttpResponseCodec.java:187)
at org.openqa.selenium.remote.http.W3CHttpResponseCodec.decode(W3CHttpResponseCodec.java:122)
at org.openqa.selenium.remote.http.W3CHttpResponseCodec.decode(W3CHttpResponseCodec.java:49)
at org.openqa.selenium.remote.HttpCommandExecutor.execute(HttpCommandExecutor.java:158)
at org.openqa.selenium.remote.service.DriverCommandExecutor.execute(DriverCommandExecutor.java:83)
at org.openqa.selenium.remote.RemoteWebDriver.execute(RemoteWebDriver.java:552)
at org.openqa.selenium.remote.RemoteWebDriver.execute(RemoteWebDriver.java:609)
at org.openqa.selenium.remote.RemoteWebDriver.close(RemoteWebDriver.java:442)
at testScripts.VerifyFindARecipe.closeBrowser(VerifyFindARecipe.java:44)
... Removed 29 stack frames]]>
    </failure>
  </testcase> <!-- @AfterTest closeBrowser -->
  <testcase classname="testScripts.VerifyLogin" name="@AfterTest closeBrowser" time="-1.632569937649E9">
    <skipped/>
  </testcase> <!-- @AfterTest closeBrowser -->
  <testcase classname="testScripts.VerifyLogin" name="verifyLogin" time="10.574">
    <failure type="java.lang.AssertionError" message="expected [https://www.allrecipes.com/?banner=signedin] but found [https://accounts.allrecipes.com/login?state=hKFo2SBXUXEtdUU2M1NVQUVDM1VrVmNoX1VsY1JmZWlLRE9USaFupWxvZ2luo3RpZNkgRjFIakRZR0ZJY3VOc1dLV1EyR1JLTnZrZktNTkhYX0ejY2lk2SAzaFk2cU14bG9IRUN2eTJHUTRFaUhzd1pSY1cxTUpPNg&amp;amp;client=3hY6qMxloHECvy2GQ4EiHswZRcW1MJO6&amp;amp;protocol=oauth2&amp;amp;response_type=token%20id_token&amp;amp;redirect_uri=https%3A%2F%2Fwww.allrecipes.com%2Faccount%2Fsigninemailcallback&amp;amp;nonce=randomStrings&amp;amp;scope=openid%20email%20profile&amp;amp;login_hint=signin&amp;amp;data=&amp;amp;auth0Client=eyJuYW1lIjoiYXV0aDAuanMiLCJ2ZXJzaW9uIjoiOS4xMS4yIn0%3D]">
      <![CDATA[java.lang.AssertionError: expected [https://www.allrecipes.com/?banner=signedin] but found [https://accounts.allrecipes.com/login?state=hKFo2SBXUXEtdUU2M1NVQUVDM1VrVmNoX1VsY1JmZWlLRE9USaFupWxvZ2luo3RpZNkgRjFIakRZR0ZJY3VOc1dLV1EyR1JLTnZrZktNTkhYX0ejY2lk2SAzaFk2cU14bG9IRUN2eTJHUTRFaUhzd1pSY1cxTUpPNg&client=3hY6qMxloHECvy2GQ4EiHswZRcW1MJO6&protocol=oauth2&response_type=token%20id_token&redirect_uri=https%3A%2F%2Fwww.allrecipes.com%2Faccount%2Fsigninemailcallback&nonce=randomStrings&scope=openid%20email%20profile&login_hint=signin&data=&auth0Client=eyJuYW1lIjoiYXV0aDAuanMiLCJ2ZXJzaW9uIjoiOS4xMS4yIn0%3D]
at testScripts.VerifyLogin.verifyLogin(VerifyLogin.java:48)
at java.base/java.util.ArrayList.forEach(ArrayList.java:1510)
... Removed 32 stack frames]]>
    </failure>
  </testcase> <!-- verifyLogin -->
  <testcase classname="testScripts.VerifyFindARecipe" name="findARecipe" time="0.058">
    <failure type="org.openqa.selenium.NoSuchWindowException" message="no such window: window was already closed
  (Session info: chrome=94.0.4606.61)
Build info: version: &amp;apos;3.141.59&amp;apos;, revision: &amp;apos;e82be7d358&amp;apos;, time: &amp;apos;2018-11-14T08:17:03&amp;apos;
System info: host: &amp;apos;Saranyas-Air.fios-router.home&amp;apos;, ip: &amp;apos;fe80:0:0:0:40d:5b97:dc0:4791%en0&amp;apos;, os.name: &amp;apos;Mac OS X&amp;apos;, os.arch: &amp;apos;x86_64&amp;apos;, os.version: &amp;apos;10.15.3&amp;apos;, java.version: &amp;apos;14.0.1&amp;apos;
Driver info: org.openqa.selenium.chrome.ChromeDriver
Capabilities {acceptInsecureCerts: false, browserName: chrome, browserVersion: 94.0.4606.61, chrome: {chromedriverVersion: 93.0.4577.63 (ff5c0da2ec0ad..., userDataDir: /var/folders/q2/w68m68_x0kx...}, goog:chromeOptions: {debuggerAddress: localhost:62691}, javascriptEnabled: true, networkConnectionEnabled: false, pageLoadStrategy: normal, platform: MAC, platformName: MAC, proxy: Proxy(), setWindowRect: true, strictFileInteractability: false, timeouts: {implicit: 0, pageLoad: 300000, script: 30000}, unhandledPromptBehavior: dismiss and notify, webauthn:extension:credBlob: true, webauthn:extension:largeBlob: true, webauthn:virtualAuthenticators: true}
Session ID: bc2ae6962778df03ee5ba7ababc083c9
*** Element info: {Using=xpath, value=//input[@id=&amp;apos;search-block&amp;apos;]}">
      <![CDATA[org.openqa.selenium.NoSuchWindowException: no such window: window was already closed
  (Session info: chrome=94.0.4606.61)
Build info: version: '3.141.59', revision: 'e82be7d358', time: '2018-11-14T08:17:03'
System info: host: 'Saranyas-Air.fios-router.home', ip: 'fe80:0:0:0:40d:5b97:dc0:4791%en0', os.name: 'Mac OS X', os.arch: 'x86_64', os.version: '10.15.3', java.version: '14.0.1'
Driver info: org.openqa.selenium.chrome.ChromeDriver
Capabilities {acceptInsecureCerts: false, browserName: chrome, browserVersion: 94.0.4606.61, chrome: {chromedriverVersion: 93.0.4577.63 (ff5c0da2ec0ad..., userDataDir: /var/folders/q2/w68m68_x0kx...}, goog:chromeOptions: {debuggerAddress: localhost:62691}, javascriptEnabled: true, networkConnectionEnabled: false, pageLoadStrategy: normal, platform: MAC, platformName: MAC, proxy: Proxy(), setWindowRect: true, strictFileInteractability: false, timeouts: {implicit: 0, pageLoad: 300000, script: 30000}, unhandledPromptBehavior: dismiss and notify, webauthn:extension:credBlob: true, webauthn:extension:largeBlob: true, webauthn:virtualAuthenticators: true}
Session ID: bc2ae6962778df03ee5ba7ababc083c9
*** Element info: {Using=xpath, value=//input[@id='search-block']}
at org.openqa.selenium.remote.http.W3CHttpResponseCodec.createException(W3CHttpResponseCodec.java:187)
at org.openqa.selenium.remote.http.W3CHttpResponseCodec.decode(W3CHttpResponseCodec.java:122)
at org.openqa.selenium.remote.http.W3CHttpResponseCodec.decode(W3CHttpResponseCodec.java:49)
at org.openqa.selenium.remote.HttpCommandExecutor.execute(HttpCommandExecutor.java:158)
at org.openqa.selenium.remote.service.DriverCommandExecutor.execute(DriverCommandExecutor.java:83)
at org.openqa.selenium.remote.RemoteWebDriver.execute(RemoteWebDriver.java:552)
at org.openqa.selenium.remote.RemoteWebDriver.findElement(RemoteWebDriver.java:323)
at org.openqa.selenium.remote.RemoteWebDriver.findElementByXPath(RemoteWebDriver.java:428)
at org.openqa.selenium.By$ByXPath.findElement(By.java:353)
at org.openqa.selenium.remote.RemoteWebDriver.findElement(RemoteWebDriver.java:315)
at pageObjects.LandingPage.getSearchBlock(LandingPage.java:21)
at testScripts.VerifyFindARecipe.findARecipe(VerifyFindARecipe.java:37)
at java.base/java.util.ArrayList.forEach(ArrayList.java:1510)
... Removed 32 stack frames]]>
    </failure>
  </testcase> <!-- findARecipe -->
</testsuite> <!-- Test -->
